  [1m[35m (12.5ms)[0m  [1m[34mSELECT sqlite_version(*)[0m
  [1m[35m (10.3ms)[0m  [1m[35mCREATE TABLE "schema_migrations" ("version" varchar NOT NULL PRIMARY KEY)[0m
  [1m[35m (8.5ms)[0m  [1m[35mCREATE TABLE "ar_internal_metadata" ("key" varchar NOT NULL PRIMARY KEY, "value" varchar, "created_at" datetime(6) NOT NULL, "updated_at" datetime(6) NOT NULL)[0m
  [1m[35m (0.2ms)[0m  [1m[34mSELECT "schema_migrations"."version" FROM "schema_migrations" ORDER BY "schema_migrations"."version" ASC[0m
Migrating to CreateUsers (20210216043443)
  [1m[35m (0.1ms)[0m  [1m[36mbegin transaction[0m
  [1m[35m (1.0ms)[0m  [1m[35mCREATE TABLE "users" ("id" integer PRIMARY KEY AUTOINCREMENT NOT NULL, "name" varchar, "created_at" datetime(6) NOT NULL, "updated_at" datetime(6) NOT NULL)[0m
  [1m[36mprimary::SchemaMigration Create (0.7ms)[0m  [1m[32mINSERT INTO "schema_migrations" ("version") VALUES (?)[0m  [["version", "20210216043443"]]
  [1m[35m (8.3ms)[0m  [1m[36mcommit transaction[0m
Migrating to CreateGoals (20210216044006)
  [1m[35m (0.1ms)[0m  [1m[36mbegin transaction[0m
  [1m[35m (1.5ms)[0m  [1m[35mCREATE TABLE "goals" ("id" integer PRIMARY KEY AUTOINCREMENT NOT NULL, "title" varchar, "completed" boolean, "user_id" integer, "created_at" datetime(6) NOT NULL, "updated_at" datetime(6) NOT NULL)[0m
  [1m[35m (0.5ms)[0m  [1m[35mCREATE  INDEX "index_goals_on_user_id" ON "goals" ("user_id")[0m
  [1m[36mprimary::SchemaMigration Create (0.6ms)[0m  [1m[32mINSERT INTO "schema_migrations" ("version") VALUES (?)[0m  [["version", "20210216044006"]]
  [1m[35m (8.3ms)[0m  [1m[36mcommit transaction[0m
  [1m[36mActiveRecord::InternalMetadata Load (0.2ms)[0m  [1m[34mSELECT "ar_internal_metadata".* FROM "ar_internal_metadata" WHERE "ar_internal_metadata"."key" = ? LIMIT ?[0m  [["key", "environment"], ["LIMIT", 1]]
  [1m[35m (0.1ms)[0m  [1m[36mbegin transaction[0m
  [1m[36mActiveRecord::InternalMetadata Create (1.0ms)[0m  [1m[32mINSERT INTO "ar_internal_metadata" ("key", "value", "created_at", "updated_at") VALUES (?, ?, ?, ?)[0m  [["key", "environment"], ["value", "development"], ["created_at", "2021-02-16 04:58:59.630248"], ["updated_at", "2021-02-16 04:58:59.630248"]]
  [1m[35m (7.5ms)[0m  [1m[36mcommit transaction[0m
  [1m[35m (0.1ms)[0m  [1m[34mSELECT sqlite_version(*)[0m
  [1m[35m (0.2ms)[0m  [1m[34mSELECT "schema_migrations"."version" FROM "schema_migrations" ORDER BY "schema_migrations"."version" ASC[0m
Started GET "/routes" for ::1 at 2021-02-16 00:01:45 -0500
  [1m[35m (0.7ms)[0m  [1m[34mSELECT sqlite_version(*)[0m
  [1m[35m (0.2ms)[0m  [1m[34mSELECT "schema_migrations"."version" FROM "schema_migrations" ORDER BY "schema_migrations"."version" ASC[0m
  
ActionController::RoutingError (No route matches [GET] "/routes"):
  
actionpack (6.0.3.5) lib/action_dispatch/middleware/debug_exceptions.rb:36:in `call'
actionpack (6.0.3.5) lib/action_dispatch/middleware/show_exceptions.rb:33:in `call'
railties (6.0.3.5) lib/rails/rack/logger.rb:37:in `call_app'
railties (6.0.3.5) lib/rails/rack/logger.rb:26:in `block in call'
activesupport (6.0.3.5) lib/active_support/tagged_logging.rb:80:in `block in tagged'
activesupport (6.0.3.5) lib/active_support/tagged_logging.rb:28:in `tagged'
activesupport (6.0.3.5) lib/active_support/tagged_logging.rb:80:in `tagged'
railties (6.0.3.5) lib/rails/rack/logger.rb:26:in `call'
actionpack (6.0.3.5) lib/action_dispatch/middleware/remote_ip.rb:81:in `call'
actionpack (6.0.3.5) lib/action_dispatch/middleware/request_id.rb:27:in `call'
rack (2.2.3) lib/rack/runtime.rb:22:in `call'
activesupport (6.0.3.5) lib/active_support/cache/strategy/local_cache_middleware.rb:29:in `call'
actionpack (6.0.3.5) lib/action_dispatch/middleware/executor.rb:14:in `call'
actionpack (6.0.3.5) lib/action_dispatch/middleware/static.rb:126:in `call'
rack (2.2.3) lib/rack/sendfile.rb:110:in `call'
actionpack (6.0.3.5) lib/action_dispatch/middleware/host_authorization.rb:82:in `call'
rack-cors (1.1.1) lib/rack/cors.rb:100:in `call'
railties (6.0.3.5) lib/rails/engine.rb:527:in `call'
puma (4.3.7) lib/puma/configuration.rb:228:in `call'
puma (4.3.7) lib/puma/server.rb:713:in `handle_request'
puma (4.3.7) lib/puma/server.rb:472:in `process_client'
puma (4.3.7) lib/puma/server.rb:328:in `block in run'
puma (4.3.7) lib/puma/thread_pool.rb:134:in `block in spawn_thread'
Started GET "/favicon.ico" for ::1 at 2021-02-16 00:01:45 -0500
  
ActionController::RoutingError (No route matches [GET] "/favicon.ico"):
  
actionpack (6.0.3.5) lib/action_dispatch/middleware/debug_exceptions.rb:36:in `call'
actionpack (6.0.3.5) lib/action_dispatch/middleware/show_exceptions.rb:33:in `call'
railties (6.0.3.5) lib/rails/rack/logger.rb:37:in `call_app'
railties (6.0.3.5) lib/rails/rack/logger.rb:26:in `block in call'
activesupport (6.0.3.5) lib/active_support/tagged_logging.rb:80:in `block in tagged'
activesupport (6.0.3.5) lib/active_support/tagged_logging.rb:28:in `tagged'
activesupport (6.0.3.5) lib/active_support/tagged_logging.rb:80:in `tagged'
railties (6.0.3.5) lib/rails/rack/logger.rb:26:in `call'
actionpack (6.0.3.5) lib/action_dispatch/middleware/remote_ip.rb:81:in `call'
actionpack (6.0.3.5) lib/action_dispatch/middleware/request_id.rb:27:in `call'
rack (2.2.3) lib/rack/runtime.rb:22:in `call'
activesupport (6.0.3.5) lib/active_support/cache/strategy/local_cache_middleware.rb:29:in `call'
actionpack (6.0.3.5) lib/action_dispatch/middleware/executor.rb:14:in `call'
actionpack (6.0.3.5) lib/action_dispatch/middleware/static.rb:126:in `call'
rack (2.2.3) lib/rack/sendfile.rb:110:in `call'
actionpack (6.0.3.5) lib/action_dispatch/middleware/host_authorization.rb:82:in `call'
rack-cors (1.1.1) lib/rack/cors.rb:100:in `call'
railties (6.0.3.5) lib/rails/engine.rb:527:in `call'
puma (4.3.7) lib/puma/configuration.rb:228:in `call'
puma (4.3.7) lib/puma/server.rb:713:in `handle_request'
puma (4.3.7) lib/puma/server.rb:472:in `process_client'
puma (4.3.7) lib/puma/server.rb:328:in `block in run'
puma (4.3.7) lib/puma/thread_pool.rb:134:in `block in spawn_thread'
  [1m[35m (11.6ms)[0m  [1m[34mSELECT sqlite_version(*)[0m
  [1m[35m (0.2ms)[0m  [1m[34mSELECT "schema_migrations"."version" FROM "schema_migrations" ORDER BY "schema_migrations"."version" ASC[0m
  [1m[35m (0.2ms)[0m  [1m[34mSELECT sqlite_version(*)[0m
  [1m[35m (0.1ms)[0m  [1m[36mbegin transaction[0m
  [1m[36mUser Create (1.6ms)[0m  [1m[32mINSERT INTO "users" ("name", "created_at", "updated_at") VALUES (?, ?, ?)[0m  [["name", "Jake"], ["created_at", "2021-02-16 05:24:54.667017"], ["updated_at", "2021-02-16 05:24:54.667017"]]
  [1m[35m (14.2ms)[0m  [1m[36mcommit transaction[0m
  [1m[35m (0.1ms)[0m  [1m[36mbegin transaction[0m
  [1m[36mGoal Create (1.3ms)[0m  [1m[32mINSERT INTO "goals" ("title", "completed", "user_id", "created_at", "updated_at") VALUES (?, ?, ?, ?, ?)[0m  [["title", "Finish Goal Project"], ["completed", 0], ["user_id", 1], ["created_at", "2021-02-16 05:24:54.714718"], ["updated_at", "2021-02-16 05:24:54.714718"]]
  [1m[35m (6.2ms)[0m  [1m[36mcommit transaction[0m
  [1m[35m (7.8ms)[0m  [1m[34mSELECT sqlite_version(*)[0m
  [1m[36mUser Load (0.3ms)[0m  [1m[34mSELECT "users".* FROM "users" LIMIT ?[0m  [["LIMIT", 11]]
  [1m[36mGoal Load (0.3ms)[0m  [1m[34mSELECT "goals".* FROM "goals" LIMIT ?[0m  [["LIMIT", 11]]
Started GET "/users" for ::1 at 2021-02-16 00:25:46 -0500
  [1m[35m (0.6ms)[0m  [1m[34mSELECT sqlite_version(*)[0m
  [1m[35m (0.2ms)[0m  [1m[34mSELECT "schema_migrations"."version" FROM "schema_migrations" ORDER BY "schema_migrations"."version" ASC[0m
  
ActionController::RoutingError (No route matches [GET] "/users"):
  
actionpack (6.0.3.5) lib/action_dispatch/middleware/debug_exceptions.rb:36:in `call'
actionpack (6.0.3.5) lib/action_dispatch/middleware/show_exceptions.rb:33:in `call'
railties (6.0.3.5) lib/rails/rack/logger.rb:37:in `call_app'
railties (6.0.3.5) lib/rails/rack/logger.rb:26:in `block in call'
activesupport (6.0.3.5) lib/active_support/tagged_logging.rb:80:in `block in tagged'
activesupport (6.0.3.5) lib/active_support/tagged_logging.rb:28:in `tagged'
activesupport (6.0.3.5) lib/active_support/tagged_logging.rb:80:in `tagged'
railties (6.0.3.5) lib/rails/rack/logger.rb:26:in `call'
actionpack (6.0.3.5) lib/action_dispatch/middleware/remote_ip.rb:81:in `call'
actionpack (6.0.3.5) lib/action_dispatch/middleware/request_id.rb:27:in `call'
rack (2.2.3) lib/rack/runtime.rb:22:in `call'
activesupport (6.0.3.5) lib/active_support/cache/strategy/local_cache_middleware.rb:29:in `call'
actionpack (6.0.3.5) lib/action_dispatch/middleware/executor.rb:14:in `call'
actionpack (6.0.3.5) lib/action_dispatch/middleware/static.rb:126:in `call'
rack (2.2.3) lib/rack/sendfile.rb:110:in `call'
actionpack (6.0.3.5) lib/action_dispatch/middleware/host_authorization.rb:82:in `call'
rack-cors (1.1.1) lib/rack/cors.rb:100:in `call'
railties (6.0.3.5) lib/rails/engine.rb:527:in `call'
puma (4.3.7) lib/puma/configuration.rb:228:in `call'
puma (4.3.7) lib/puma/server.rb:713:in `handle_request'
puma (4.3.7) lib/puma/server.rb:472:in `process_client'
puma (4.3.7) lib/puma/server.rb:328:in `block in run'
puma (4.3.7) lib/puma/thread_pool.rb:134:in `block in spawn_thread'
Started GET "/api/v1/users" for ::1 at 2021-02-16 00:26:00 -0500
Processing by Api::V1::UsersController#index as HTML
  [1m[36mUser Load (0.3ms)[0m  [1m[34mSELECT "users".* FROM "users"[0m
  ↳ app/controllers/api/v1/users_controller.rb:4:in `index'
Completed 200 OK in 13ms (Views: 8.2ms | ActiveRecord: 1.1ms | Allocations: 4417)


Started GET "/api/v1/goals" for ::1 at 2021-02-16 00:26:06 -0500
Processing by Api::V1::GoalsController#index as HTML
  [1m[36mGoal Load (0.3ms)[0m  [1m[34mSELECT "goals".* FROM "goals"[0m
  ↳ app/controllers/api/v1/goals_controller.rb:4:in `index'
Completed 200 OK in 14ms (Views: 11.2ms | ActiveRecord: 1.5ms | Allocations: 5196)


  [1m[35m (12.4ms)[0m  [1m[34mSELECT sqlite_version(*)[0m
  [1m[36mUser Load (0.3ms)[0m  [1m[34mSELECT "users".* FROM "users" LIMIT ?[0m  [["LIMIT", 11]]
  [1m[36mGoal Load (0.2ms)[0m  [1m[34mSELECT "goals".* FROM "goals" LIMIT ?[0m  [["LIMIT", 11]]
Started GET "/routes" for ::1 at 2021-02-16 16:18:13 -0500
  [1m[35m (7.3ms)[0m  [1m[34mSELECT sqlite_version(*)[0m
  [1m[35m (0.2ms)[0m  [1m[34mSELECT "schema_migrations"."version" FROM "schema_migrations" ORDER BY "schema_migrations"."version" ASC[0m
  
ActionController::RoutingError (No route matches [GET] "/routes"):
  
actionpack (6.0.3.5) lib/action_dispatch/middleware/debug_exceptions.rb:36:in `call'
actionpack (6.0.3.5) lib/action_dispatch/middleware/show_exceptions.rb:33:in `call'
railties (6.0.3.5) lib/rails/rack/logger.rb:37:in `call_app'
railties (6.0.3.5) lib/rails/rack/logger.rb:26:in `block in call'
activesupport (6.0.3.5) lib/active_support/tagged_logging.rb:80:in `block in tagged'
activesupport (6.0.3.5) lib/active_support/tagged_logging.rb:28:in `tagged'
activesupport (6.0.3.5) lib/active_support/tagged_logging.rb:80:in `tagged'
railties (6.0.3.5) lib/rails/rack/logger.rb:26:in `call'
actionpack (6.0.3.5) lib/action_dispatch/middleware/remote_ip.rb:81:in `call'
actionpack (6.0.3.5) lib/action_dispatch/middleware/request_id.rb:27:in `call'
rack (2.2.3) lib/rack/runtime.rb:22:in `call'
activesupport (6.0.3.5) lib/active_support/cache/strategy/local_cache_middleware.rb:29:in `call'
actionpack (6.0.3.5) lib/action_dispatch/middleware/executor.rb:14:in `call'
actionpack (6.0.3.5) lib/action_dispatch/middleware/static.rb:126:in `call'
rack (2.2.3) lib/rack/sendfile.rb:110:in `call'
actionpack (6.0.3.5) lib/action_dispatch/middleware/host_authorization.rb:82:in `call'
rack-cors (1.1.1) lib/rack/cors.rb:100:in `call'
railties (6.0.3.5) lib/rails/engine.rb:527:in `call'
puma (4.3.7) lib/puma/configuration.rb:228:in `call'
puma (4.3.7) lib/puma/server.rb:713:in `handle_request'
puma (4.3.7) lib/puma/server.rb:472:in `process_client'
puma (4.3.7) lib/puma/server.rb:328:in `block in run'
puma (4.3.7) lib/puma/thread_pool.rb:134:in `block in spawn_thread'
Started GET "/api/v1/users" for ::1 at 2021-02-16 16:24:38 -0500
  [1m[35m (5.3ms)[0m  [1m[34mSELECT sqlite_version(*)[0m
  [1m[35m (0.3ms)[0m  [1m[34mSELECT "schema_migrations"."version" FROM "schema_migrations" ORDER BY "schema_migrations"."version" ASC[0m
Processing by Api::V1::UsersController#index as */*
  [1m[36mUser Load (0.2ms)[0m  [1m[34mSELECT "users".* FROM "users"[0m
  ↳ app/controllers/api/v1/users_controller.rb:4:in `index'
Completed 200 OK in 36ms (Views: 5.8ms | ActiveRecord: 1.2ms | Allocations: 5507)


Started GET "/api/v1/goals" for ::1 at 2021-02-16 16:26:04 -0500
Processing by Api::V1::GoalsController#index as */*
  [1m[36mGoal Load (0.2ms)[0m  [1m[34mSELECT "goals".* FROM "goals"[0m
  ↳ app/controllers/api/v1/goals_controller.rb:4:in `index'
Completed 200 OK in 43ms (Views: 8.5ms | ActiveRecord: 2.3ms | Allocations: 6172)


Started GET "/api/v1/users" for ::1 at 2021-02-16 16:28:01 -0500
Processing by Api::V1::UsersController#index as */*
  [1m[36mUser Load (0.5ms)[0m  [1m[34mSELECT "users".* FROM "users"[0m
  ↳ app/controllers/api/v1/users_controller.rb:4:in `index'
Started GET "/api/v1/goals" for ::1 at 2021-02-16 16:28:01 -0500
Completed 200 OK in 11ms (Views: 10.0ms | ActiveRecord: 0.5ms | Allocations: 927)


  [1m[35m (0.1ms)[0m  [1m[34mSELECT sqlite_version(*)[0m
Processing by Api::V1::GoalsController#index as */*
  [1m[36mGoal Load (0.2ms)[0m  [1m[34mSELECT "goals".* FROM "goals"[0m
  ↳ app/controllers/api/v1/goals_controller.rb:4:in `index'
Completed 200 OK in 3ms (Views: 2.3ms | ActiveRecord: 0.2ms | Allocations: 957)


Started GET "/api/v1/users" for ::1 at 2021-02-16 16:30:36 -0500
Started GET "/api/v1/goals" for ::1 at 2021-02-16 16:30:36 -0500
Processing by Api::V1::GoalsController#index as */*
  [1m[36mGoal Load (0.2ms)[0m  [1m[34mSELECT "goals".* FROM "goals"[0m
Processing by Api::V1::UsersController#index as */*
  [1m[36mUser Load (0.6ms)[0m  [1m[34mSELECT "users".* FROM "users"[0m
  ↳ app/controllers/api/v1/users_controller.rb:4:in `index'
Completed 200 OK in 3ms (Views: 2.6ms | ActiveRecord: 0.6ms | Allocations: 940)


  ↳ app/controllers/api/v1/goals_controller.rb:4:in `index'
Completed 200 OK in 16ms (Views: 15.2ms | ActiveRecord: 0.2ms | Allocations: 2110)


Started GET "/api/v1/users" for ::1 at 2021-02-16 16:43:03 -0500
  [1m[35m (0.1ms)[0m  [1m[34mSELECT sqlite_version(*)[0m
Processing by Api::V1::UsersController#index as */*
  [1m[36mUser Load (0.4ms)[0m  [1m[34mSELECT "users".* FROM "users"[0m
  ↳ app/controllers/api/v1/users_controller.rb:4:in `index'
Completed 200 OK in 9ms (Views: 8.2ms | ActiveRecord: 0.4ms | Allocations: 926)


Started GET "/api/v1/goals" for ::1 at 2021-02-16 16:43:36 -0500
Processing by Api::V1::GoalsController#index as */*
  [1m[36mGoal Load (0.6ms)[0m  [1m[34mSELECT "goals".* FROM "goals"[0m
  ↳ app/controllers/api/v1/goals_controller.rb:4:in `index'
Completed 200 OK in 5ms (Views: 4.1ms | ActiveRecord: 0.6ms | Allocations: 943)


Started GET "/api/v1/goals" for ::1 at 2021-02-16 16:48:21 -0500
Processing by Api::V1::GoalsController#index as HTML
  [1m[36mGoal Load (0.4ms)[0m  [1m[34mSELECT "goals".* FROM "goals"[0m
  ↳ app/controllers/api/v1/goals_controller.rb:4:in `index'
Completed 200 OK in 9ms (Views: 8.0ms | ActiveRecord: 0.4ms | Allocations: 925)


Started GET "/api/v1/users" for ::1 at 2021-02-16 17:02:43 -0500
  [1m[35m (0.1ms)[0m  [1m[34mSELECT sqlite_version(*)[0m
Processing by Api::V1::UsersController#index as */*
  [1m[36mUser Load (0.3ms)[0m  [1m[34mSELECT "users".* FROM "users"[0m
  ↳ app/controllers/api/v1/users_controller.rb:4:in `index'
Completed 200 OK in 4ms (Views: 2.9ms | ActiveRecord: 0.3ms | Allocations: 926)


Started GET "/api/v1/users" for ::1 at 2021-02-16 17:02:50 -0500
Processing by Api::V1::UsersController#index as */*
  [1m[36mUser Load (0.4ms)[0m  [1m[34mSELECT "users".* FROM "users"[0m
  ↳ app/controllers/api/v1/users_controller.rb:4:in `index'
Completed 200 OK in 9ms (Views: 8.0ms | ActiveRecord: 0.4ms | Allocations: 910)


Started GET "/api/v1/users" for ::1 at 2021-02-16 17:03:02 -0500
Processing by Api::V1::UsersController#index as */*
  [1m[36mUser Load (0.2ms)[0m  [1m[34mSELECT "users".* FROM "users"[0m
  ↳ app/controllers/api/v1/users_controller.rb:4:in `index'
Completed 200 OK in 3ms (Views: 2.1ms | ActiveRecord: 0.2ms | Allocations: 910)


Started GET "/api/v1/users" for ::1 at 2021-02-16 17:05:05 -0500
Processing by Api::V1::UsersController#index as */*
  [1m[36mUser Load (0.3ms)[0m  [1m[34mSELECT "users".* FROM "users"[0m
  ↳ app/controllers/api/v1/users_controller.rb:4:in `index'
Completed 200 OK in 3ms (Views: 2.7ms | ActiveRecord: 0.3ms | Allocations: 910)


Started GET "/api/v1/users" for ::1 at 2021-02-16 17:06:09 -0500
Processing by Api::V1::UsersController#index as */*
  [1m[36mUser Load (0.2ms)[0m  [1m[34mSELECT "users".* FROM "users"[0m
  ↳ app/controllers/api/v1/users_controller.rb:4:in `index'
Completed 200 OK in 3ms (Views: 2.6ms | ActiveRecord: 0.2ms | Allocations: 910)


Started GET "/api/v1/users" for ::1 at 2021-02-16 17:06:42 -0500
Processing by Api::V1::UsersController#index as */*
  [1m[36mUser Load (0.4ms)[0m  [1m[34mSELECT "users".* FROM "users"[0m
  ↳ app/controllers/api/v1/users_controller.rb:4:in `index'
Completed 200 OK in 3ms (Views: 2.8ms | ActiveRecord: 0.4ms | Allocations: 910)


Started GET "/api/v1/users" for ::1 at 2021-02-16 17:06:45 -0500
Processing by Api::V1::UsersController#index as */*
  [1m[36mUser Load (0.2ms)[0m  [1m[34mSELECT "users".* FROM "users"[0m
  ↳ app/controllers/api/v1/users_controller.rb:4:in `index'
Completed 200 OK in 7ms (Views: 6.1ms | ActiveRecord: 0.2ms | Allocations: 910)


Started GET "/api/v1/users" for ::1 at 2021-02-16 17:07:01 -0500
Processing by Api::V1::UsersController#index as */*
  [1m[36mUser Load (0.8ms)[0m  [1m[34mSELECT "users".* FROM "users"[0m
  ↳ app/controllers/api/v1/users_controller.rb:4:in `index'
Completed 200 OK in 6ms (Views: 4.8ms | ActiveRecord: 0.8ms | Allocations: 910)


Started GET "/api/v1/users" for ::1 at 2021-02-16 17:07:06 -0500
Processing by Api::V1::UsersController#index as */*
  [1m[36mUser Load (0.3ms)[0m  [1m[34mSELECT "users".* FROM "users"[0m
  ↳ app/controllers/api/v1/users_controller.rb:4:in `index'
Completed 200 OK in 15ms (Views: 14.1ms | ActiveRecord: 0.3ms | Allocations: 910)


Started GET "/api/v1/users" for ::1 at 2021-02-16 17:07:16 -0500
Processing by Api::V1::UsersController#index as */*
  [1m[36mUser Load (0.1ms)[0m  [1m[34mSELECT "users".* FROM "users"[0m
  ↳ app/controllers/api/v1/users_controller.rb:4:in `index'
Completed 200 OK in 4ms (Views: 3.8ms | ActiveRecord: 0.1ms | Allocations: 910)


Started GET "/api/v1/users" for ::1 at 2021-02-16 17:08:21 -0500
Processing by Api::V1::UsersController#index as */*
  [1m[36mUser Load (0.3ms)[0m  [1m[34mSELECT "users".* FROM "users"[0m
  ↳ app/controllers/api/v1/users_controller.rb:4:in `index'
Completed 200 OK in 8ms (Views: 4.9ms | ActiveRecord: 0.3ms | Allocations: 910)


Started GET "/api/v1/users" for ::1 at 2021-02-16 17:16:27 -0500
  [1m[35m (0.1ms)[0m  [1m[34mSELECT sqlite_version(*)[0m
Processing by Api::V1::UsersController#index as */*
  [1m[36mUser Load (0.4ms)[0m  [1m[34mSELECT "users".* FROM "users"[0m
  ↳ app/controllers/api/v1/users_controller.rb:4:in `index'
Completed 200 OK in 4ms (Views: 3.4ms | ActiveRecord: 0.4ms | Allocations: 926)


Started GET "/api/v1/users" for ::1 at 2021-02-16 17:16:41 -0500
Processing by Api::V1::UsersController#index as */*
  [1m[36mUser Load (0.2ms)[0m  [1m[34mSELECT "users".* FROM "users"[0m
  ↳ app/controllers/api/v1/users_controller.rb:4:in `index'
Completed 200 OK in 2ms (Views: 1.7ms | ActiveRecord: 0.2ms | Allocations: 910)


Started GET "/api/v1/users" for ::1 at 2021-02-16 17:16:55 -0500
Processing by Api::V1::UsersController#index as */*
  [1m[36mUser Load (0.2ms)[0m  [1m[34mSELECT "users".* FROM "users"[0m
  ↳ app/controllers/api/v1/users_controller.rb:4:in `index'
Completed 200 OK in 3ms (Views: 2.5ms | ActiveRecord: 0.2ms | Allocations: 910)


Started GET "/api/v1/users" for ::1 at 2021-02-16 17:20:12 -0500
Processing by Api::V1::UsersController#index as */*
  [1m[36mUser Load (0.2ms)[0m  [1m[34mSELECT "users".* FROM "users"[0m
  ↳ app/controllers/api/v1/users_controller.rb:4:in `index'
Completed 200 OK in 19ms (Views: 18.1ms | ActiveRecord: 0.2ms | Allocations: 913)


Started GET "/api/v1/users" for ::1 at 2021-02-16 17:22:47 -0500
Processing by Api::V1::UsersController#index as */*
  [1m[36mUser Load (0.3ms)[0m  [1m[34mSELECT "users".* FROM "users"[0m
  ↳ app/controllers/api/v1/users_controller.rb:4:in `index'
Completed 200 OK in 7ms (Views: 6.0ms | ActiveRecord: 0.3ms | Allocations: 910)


Started GET "/api/v1/users" for ::1 at 2021-02-16 17:33:56 -0500
  [1m[35m (0.1ms)[0m  [1m[34mSELECT sqlite_version(*)[0m
Processing by Api::V1::UsersController#index as */*
  [1m[36mUser Load (0.2ms)[0m  [1m[34mSELECT "users".* FROM "users"[0m
  ↳ app/controllers/api/v1/users_controller.rb:4:in `index'
Completed 200 OK in 4ms (Views: 3.5ms | ActiveRecord: 0.2ms | Allocations: 926)


Started GET "/api/v1/users" for ::1 at 2021-02-16 17:37:28 -0500
Processing by Api::V1::UsersController#index as */*
  [1m[36mUser Load (0.2ms)[0m  [1m[34mSELECT "users".* FROM "users"[0m
  ↳ app/controllers/api/v1/users_controller.rb:4:in `index'
Completed 200 OK in 11ms (Views: 10.3ms | ActiveRecord: 0.2ms | Allocations: 910)


Started GET "/api/v1/users" for ::1 at 2021-02-16 17:37:33 -0500
Processing by Api::V1::UsersController#index as */*
  [1m[36mUser Load (0.2ms)[0m  [1m[34mSELECT "users".* FROM "users"[0m
  ↳ app/controllers/api/v1/users_controller.rb:4:in `index'
Completed 200 OK in 4ms (Views: 3.1ms | ActiveRecord: 0.2ms | Allocations: 910)


Started GET "/api/v1/users" for ::1 at 2021-02-16 17:37:51 -0500
Processing by Api::V1::UsersController#index as */*
  [1m[36mUser Load (0.2ms)[0m  [1m[34mSELECT "users".* FROM "users"[0m
  ↳ app/controllers/api/v1/users_controller.rb:4:in `index'
Completed 200 OK in 19ms (Views: 18.2ms | ActiveRecord: 0.2ms | Allocations: 910)


Started GET "/api/v1/users" for ::1 at 2021-02-16 17:42:09 -0500
Processing by Api::V1::UsersController#index as */*
  [1m[36mUser Load (0.3ms)[0m  [1m[34mSELECT "users".* FROM "users"[0m
  ↳ app/controllers/api/v1/users_controller.rb:4:in `index'
Completed 200 OK in 15ms (Views: 11.2ms | ActiveRecord: 0.3ms | Allocations: 910)


Started GET "/api/v1/users" for ::1 at 2021-02-16 17:42:27 -0500
Processing by Api::V1::UsersController#index as */*
  [1m[36mUser Load (0.3ms)[0m  [1m[34mSELECT "users".* FROM "users"[0m
  ↳ app/controllers/api/v1/users_controller.rb:4:in `index'
Completed 200 OK in 3ms (Views: 2.4ms | ActiveRecord: 0.3ms | Allocations: 910)


Started GET "/api/v1/users" for ::1 at 2021-02-16 17:43:30 -0500
Processing by Api::V1::UsersController#index as */*
  [1m[36mUser Load (0.2ms)[0m  [1m[34mSELECT "users".* FROM "users"[0m
  ↳ app/controllers/api/v1/users_controller.rb:4:in `index'
Completed 200 OK in 5ms (Views: 5.1ms | ActiveRecord: 0.2ms | Allocations: 910)


Started GET "/api/v1/users" for ::1 at 2021-02-16 17:43:34 -0500
Processing by Api::V1::UsersController#index as */*
  [1m[36mUser Load (0.2ms)[0m  [1m[34mSELECT "users".* FROM "users"[0m
  ↳ app/controllers/api/v1/users_controller.rb:4:in `index'
Completed 200 OK in 7ms (Views: 6.7ms | ActiveRecord: 0.2ms | Allocations: 910)


Started GET "/api/v1/users" for ::1 at 2021-02-16 17:44:19 -0500
Processing by Api::V1::UsersController#index as */*
  [1m[36mUser Load (0.2ms)[0m  [1m[34mSELECT "users".* FROM "users"[0m
  ↳ app/controllers/api/v1/users_controller.rb:4:in `index'
Completed 200 OK in 6ms (Views: 5.8ms | ActiveRecord: 0.2ms | Allocations: 910)


Started GET "/api/v1/users" for ::1 at 2021-02-16 17:46:17 -0500
Processing by Api::V1::UsersController#index as */*
  [1m[36mUser Load (0.3ms)[0m  [1m[34mSELECT "users".* FROM "users"[0m
  ↳ app/controllers/api/v1/users_controller.rb:4:in `index'
Completed 200 OK in 6ms (Views: 5.1ms | ActiveRecord: 0.3ms | Allocations: 910)


Started GET "/api/v1/users" for ::1 at 2021-02-16 17:46:33 -0500
Processing by Api::V1::UsersController#index as */*
  [1m[36mUser Load (0.1ms)[0m  [1m[34mSELECT "users".* FROM "users"[0m
  ↳ app/controllers/api/v1/users_controller.rb:4:in `index'
Completed 200 OK in 6ms (Views: 5.3ms | ActiveRecord: 0.1ms | Allocations: 910)


Started GET "/api/v1/users" for ::1 at 2021-02-16 17:50:41 -0500
Processing by Api::V1::UsersController#index as */*
  [1m[36mUser Load (0.9ms)[0m  [1m[34mSELECT "users".* FROM "users"[0m
  ↳ app/controllers/api/v1/users_controller.rb:4:in `index'
Completed 200 OK in 28ms (Views: 25.5ms | ActiveRecord: 0.9ms | Allocations: 910)


Started GET "/api/v1/users" for ::1 at 2021-02-16 17:50:59 -0500
Processing by Api::V1::UsersController#index as */*
  [1m[36mUser Load (0.2ms)[0m  [1m[34mSELECT "users".* FROM "users"[0m
  ↳ app/controllers/api/v1/users_controller.rb:4:in `index'
Completed 200 OK in 7ms (Views: 6.2ms | ActiveRecord: 0.2ms | Allocations: 910)


Started GET "/api/v1/users" for ::1 at 2021-02-16 18:06:39 -0500
  [1m[35m (0.1ms)[0m  [1m[34mSELECT sqlite_version(*)[0m
Processing by Api::V1::UsersController#index as */*
  [1m[36mUser Load (0.4ms)[0m  [1m[34mSELECT "users".* FROM "users"[0m
  ↳ app/controllers/api/v1/users_controller.rb:4:in `index'
Completed 200 OK in 9ms (Views: 7.6ms | ActiveRecord: 0.4ms | Allocations: 926)


Started GET "/api/v1/users" for ::1 at 2021-02-17 20:11:26 -0500
  [1m[35m (12.5ms)[0m  [1m[34mSELECT sqlite_version(*)[0m
  [1m[35m (0.3ms)[0m  [1m[34mSELECT "schema_migrations"."version" FROM "schema_migrations" ORDER BY "schema_migrations"."version" ASC[0m
Processing by Api::V1::UsersController#index as */*
  [1m[36mUser Load (0.2ms)[0m  [1m[34mSELECT "users".* FROM "users"[0m
  ↳ app/controllers/api/v1/users_controller.rb:4:in `index'
Completed 200 OK in 50ms (Views: 6.5ms | ActiveRecord: 0.9ms | Allocations: 5507)


Started GET "/api/v1/users" for ::1 at 2021-02-17 20:12:08 -0500
Processing by Api::V1::UsersController#index as */*
  [1m[36mUser Load (0.2ms)[0m  [1m[34mSELECT "users".* FROM "users"[0m
  ↳ app/controllers/api/v1/users_controller.rb:4:in `index'
Completed 200 OK in 6ms (Views: 5.6ms | ActiveRecord: 0.2ms | Allocations: 927)


Started GET "/api/v1/users" for ::1 at 2021-02-17 22:23:22 -0500
  [1m[35m (0.1ms)[0m  [1m[34mSELECT sqlite_version(*)[0m
Processing by Api::V1::UsersController#index as */*
  [1m[36mUser Load (0.3ms)[0m  [1m[34mSELECT "users".* FROM "users"[0m
  ↳ app/controllers/api/v1/users_controller.rb:4:in `index'
Completed 200 OK in 57ms (Views: 17.4ms | ActiveRecord: 0.3ms | Allocations: 4276)


Started GET "/api/v1/users" for ::1 at 2021-02-17 22:28:22 -0500
Processing by Api::V1::UsersController#index as */*
  [1m[36mUser Load (0.4ms)[0m  [1m[34mSELECT "users".* FROM "users"[0m
  ↳ app/controllers/api/v1/users_controller.rb:4:in `index'
Completed 200 OK in 15ms (Views: 12.1ms | ActiveRecord: 0.4ms | Allocations: 927)


Started GET "/api/v1/users" for ::1 at 2021-02-17 22:28:33 -0500
Processing by Api::V1::UsersController#index as */*
  [1m[36mUser Load (0.2ms)[0m  [1m[34mSELECT "users".* FROM "users"[0m
  ↳ app/controllers/api/v1/users_controller.rb:4:in `index'
Completed 200 OK in 5ms (Views: 4.4ms | ActiveRecord: 0.2ms | Allocations: 927)


Started GET "/" for ::1 at 2021-02-17 22:31:42 -0500
Processing by Rails::WelcomeController#index as HTML
  Rendering /home/jakekittenviti/.rvm/gems/ruby-2.6.1/gems/railties-6.0.3.5/lib/rails/templates/rails/welcome/index.html.erb
  Rendered /home/jakekittenviti/.rvm/gems/ruby-2.6.1/gems/railties-6.0.3.5/lib/rails/templates/rails/welcome/index.html.erb (Duration: 57.2ms | Allocations: 478)
Completed 200 OK in 327ms (Views: 158.4ms | ActiveRecord: 0.0ms | Allocations: 2611)


Started GET "/favicon.ico" for ::1 at 2021-02-17 22:31:43 -0500
  
ActionController::RoutingError (No route matches [GET] "/favicon.ico"):
  
actionpack (6.0.3.5) lib/action_dispatch/middleware/debug_exceptions.rb:36:in `call'
actionpack (6.0.3.5) lib/action_dispatch/middleware/show_exceptions.rb:33:in `call'
railties (6.0.3.5) lib/rails/rack/logger.rb:37:in `call_app'
railties (6.0.3.5) lib/rails/rack/logger.rb:26:in `block in call'
activesupport (6.0.3.5) lib/active_support/tagged_logging.rb:80:in `block in tagged'
activesupport (6.0.3.5) lib/active_support/tagged_logging.rb:28:in `tagged'
activesupport (6.0.3.5) lib/active_support/tagged_logging.rb:80:in `tagged'
railties (6.0.3.5) lib/rails/rack/logger.rb:26:in `call'
actionpack (6.0.3.5) lib/action_dispatch/middleware/remote_ip.rb:81:in `call'
actionpack (6.0.3.5) lib/action_dispatch/middleware/request_id.rb:27:in `call'
rack (2.2.3) lib/rack/runtime.rb:22:in `call'
activesupport (6.0.3.5) lib/active_support/cache/strategy/local_cache_middleware.rb:29:in `call'
actionpack (6.0.3.5) lib/action_dispatch/middleware/executor.rb:14:in `call'
actionpack (6.0.3.5) lib/action_dispatch/middleware/static.rb:126:in `call'
rack (2.2.3) lib/rack/sendfile.rb:110:in `call'
actionpack (6.0.3.5) lib/action_dispatch/middleware/host_authorization.rb:82:in `call'
rack-cors (1.1.1) lib/rack/cors.rb:100:in `call'
railties (6.0.3.5) lib/rails/engine.rb:527:in `call'
puma (4.3.7) lib/puma/configuration.rb:228:in `call'
puma (4.3.7) lib/puma/server.rb:713:in `handle_request'
puma (4.3.7) lib/puma/server.rb:472:in `process_client'
puma (4.3.7) lib/puma/server.rb:328:in `block in run'
puma (4.3.7) lib/puma/thread_pool.rb:134:in `block in spawn_thread'
Started GET "/routes" for ::1 at 2021-02-17 22:31:45 -0500
  
ActionController::RoutingError (No route matches [GET] "/routes"):
  
actionpack (6.0.3.5) lib/action_dispatch/middleware/debug_exceptions.rb:36:in `call'
actionpack (6.0.3.5) lib/action_dispatch/middleware/show_exceptions.rb:33:in `call'
railties (6.0.3.5) lib/rails/rack/logger.rb:37:in `call_app'
railties (6.0.3.5) lib/rails/rack/logger.rb:26:in `block in call'
activesupport (6.0.3.5) lib/active_support/tagged_logging.rb:80:in `block in tagged'
activesupport (6.0.3.5) lib/active_support/tagged_logging.rb:28:in `tagged'
activesupport (6.0.3.5) lib/active_support/tagged_logging.rb:80:in `tagged'
railties (6.0.3.5) lib/rails/rack/logger.rb:26:in `call'
actionpack (6.0.3.5) lib/action_dispatch/middleware/remote_ip.rb:81:in `call'
actionpack (6.0.3.5) lib/action_dispatch/middleware/request_id.rb:27:in `call'
rack (2.2.3) lib/rack/runtime.rb:22:in `call'
activesupport (6.0.3.5) lib/active_support/cache/strategy/local_cache_middleware.rb:29:in `call'
actionpack (6.0.3.5) lib/action_dispatch/middleware/executor.rb:14:in `call'
actionpack (6.0.3.5) lib/action_dispatch/middleware/static.rb:126:in `call'
rack (2.2.3) lib/rack/sendfile.rb:110:in `call'
actionpack (6.0.3.5) lib/action_dispatch/middleware/host_authorization.rb:82:in `call'
rack-cors (1.1.1) lib/rack/cors.rb:100:in `call'
railties (6.0.3.5) lib/rails/engine.rb:527:in `call'
puma (4.3.7) lib/puma/configuration.rb:228:in `call'
puma (4.3.7) lib/puma/server.rb:713:in `handle_request'
puma (4.3.7) lib/puma/server.rb:472:in `process_client'
puma (4.3.7) lib/puma/server.rb:328:in `block in run'
puma (4.3.7) lib/puma/thread_pool.rb:134:in `block in spawn_thread'
Started POST "/api/v1/users" for ::1 at 2021-02-17 22:35:02 -0500
Processing by Api::V1::UsersController#create as JSON
  Parameters: {"user"=>{}}
Completed 500 Internal Server Error in 1ms (ActiveRecord: 0.0ms | Allocations: 563)


  
NoMethodError (undefined method `pry' for #<Binding:0x00007f363d83d180>
Did you mean?  try):
  
app/controllers/api/v1/users_controller.rb:8:in `create'
Started GET "/api/v1/users" for ::1 at 2021-02-17 22:35:11 -0500
Processing by Api::V1::UsersController#index as HTML
  [1m[36mUser Load (0.2ms)[0m  [1m[34mSELECT "users".* FROM "users"[0m
  ↳ app/controllers/api/v1/users_controller.rb:4:in `index'
Completed 200 OK in 3ms (Views: 2.1ms | ActiveRecord: 0.2ms | Allocations: 939)


Started POST "/api/v1/users" for ::1 at 2021-02-17 22:36:24 -0500
Processing by Api::V1::UsersController#create as JSON
  Parameters: {"user"=>{}}
Completed 500 Internal Server Error in 1ms (ActiveRecord: 0.0ms | Allocations: 546)


  
NoMethodError (undefined method `pry' for #<Binding:0x00007f363c8b8de0>
Did you mean?  try):
  
app/controllers/api/v1/users_controller.rb:8:in `create'
Started GET "/api/v1/users" for ::1 at 2021-02-17 22:38:46 -0500
  [1m[35m (7.5ms)[0m  [1m[34mSELECT sqlite_version(*)[0m
  [1m[35m (2.0ms)[0m  [1m[34mSELECT "schema_migrations"."version" FROM "schema_migrations" ORDER BY "schema_migrations"."version" ASC[0m
Processing by Api::V1::UsersController#index as HTML
  [1m[36mUser Load (0.3ms)[0m  [1m[34mSELECT "users".* FROM "users"[0m
  ↳ app/controllers/api/v1/users_controller.rb:4:in `index'
Completed 200 OK in 66ms (Views: 24.2ms | ActiveRecord: 6.0ms | Allocations: 5105)


Started POST "/api/v1/users" for ::1 at 2021-02-17 22:39:40 -0500
Processing by Api::V1::UsersController#create as JSON
  Parameters: {"_json"=>"Jake", "user"=>{}}
Completed 500 Internal Server Error in 33716ms (ActiveRecord: 0.0ms | Allocations: 158171)


  
NameError (undefined local variable or method `user_params' for #<Api::V1::UsersController:0x00007fb9dc013180>):
  
app/controllers/api/v1/users_controller.rb:9:in `create'
Started POST "/api/v1/users" for ::1 at 2021-02-17 22:40:36 -0500
  [1m[35m (1.2ms)[0m  [1m[34mSELECT sqlite_version(*)[0m
  [1m[35m (0.2ms)[0m  [1m[34mSELECT "schema_migrations"."version" FROM "schema_migrations" ORDER BY "schema_migrations"."version" ASC[0m
Processing by Api::V1::UsersController#create as JSON
  Parameters: {"_json"=>"Deo", "user"=>{}}
Completed 500 Internal Server Error in 42564ms (ActiveRecord: 0.4ms | Allocations: 153557)


  
NameError (undefined local variable or method `user_params' for #<Api::V1::UsersController:0x00007f8550cd9970>):
  
app/controllers/api/v1/users_controller.rb:9:in `create'
Started POST "/api/v1/users" for ::1 at 2021-02-17 22:41:51 -0500
  [1m[35m (1.0ms)[0m  [1m[34mSELECT sqlite_version(*)[0m
  [1m[35m (0.3ms)[0m  [1m[34mSELECT "schema_migrations"."version" FROM "schema_migrations" ORDER BY "schema_migrations"."version" ASC[0m
Processing by Api::V1::UsersController#create as JSON
  Parameters: {"_json"=>"Deo", "user"=>{}}
Completed 500 Internal Server Error in 187ms (ActiveRecord: 0.5ms | Allocations: 70298)


  
NameError (undefined local variable or method `user_params' for #<Api::V1::UsersController:0x00007fb5dcdd7e28>):
  
app/controllers/api/v1/users_controller.rb:9:in `create'
Started POST "/api/v1/users" for ::1 at 2021-02-17 22:41:59 -0500
Processing by Api::V1::UsersController#create as JSON
  Parameters: {"_json"=>"Jake", "user"=>{}}
Completed 500 Internal Server Error in 232ms (ActiveRecord: 0.0ms | Allocations: 70228)


  
NameError (undefined local variable or method `user_params' for #<Api::V1::UsersController:0x00007fb5dd403090>):
  
app/controllers/api/v1/users_controller.rb:9:in `create'
Started POST "/api/v1/users" for ::1 at 2021-02-17 22:44:22 -0500
  [1m[35m (0.1ms)[0m  [1m[34mSELECT sqlite_version(*)[0m
  
SyntaxError (/home/jakekittenviti/code/goals/backend/app/controllers/api/v1/users_controller.rb:21: syntax error, unexpected end-of-input, expecting end):
  
app/controllers/api/v1/users_controller.rb:21: syntax error, unexpected end-of-input, expecting end
app/controllers/api/v1/users_controller.rb:21: syntax error, unexpected end-of-input, expecting end
Started POST "/api/v1/users" for ::1 at 2021-02-17 22:44:43 -0500
  [1m[35m (0.1ms)[0m  [1m[34mSELECT sqlite_version(*)[0m
Processing by Api::V1::UsersController#create as JSON
  Parameters: {"_json"=>"Jake", "user"=>{}}
Completed 500 Internal Server Error in 9124ms (ActiveRecord: 0.6ms | Allocations: 151869)


  
NameError (undefined local variable or method `user_params' for #<Api::V1::UsersController:0x00007fffd3f5fe80>):
  
app/controllers/api/v1/users_controller.rb:10:in `create'
Started POST "/api/v1/users" for ::1 at 2021-02-17 22:45:01 -0500
  [1m[35m (2.5ms)[0m  [1m[34mSELECT sqlite_version(*)[0m
  [1m[35m (0.3ms)[0m  [1m[34mSELECT "schema_migrations"."version" FROM "schema_migrations" ORDER BY "schema_migrations"."version" ASC[0m
Processing by Api::V1::UsersController#create as JSON
  Parameters: {"_json"=>"Jake", "user"=>{}}
  [1m[36mUser Load (0.5ms)[0m  [1m[34mSELECT "users".* FROM "users" WHERE (Jake) LIMIT ?[0m  [["LIMIT", 1]]
  ↳ (pry):3:in `create'
  [1m[36mUser Load (0.2ms)[0m  [1m[34mSELECT "users".* FROM "users" WHERE "users"."name" = ? LIMIT ?[0m  [["name", "Jake"], ["LIMIT", 1]]
  ↳ (pry):4:in `create'
Completed 500 Internal Server Error in 148080ms (ActiveRecord: 2.3ms | Allocations: 167345)


  
NameError (undefined local variable or method `user_params' for #<Api::V1::UsersController:0x00007fdf80cc83c0>):
  
app/controllers/api/v1/users_controller.rb:10:in `create'
Started POST "/api/v1/users" for ::1 at 2021-02-17 22:47:42 -0500
  [1m[35m (0.9ms)[0m  [1m[34mSELECT sqlite_version(*)[0m
Processing by Api::V1::UsersController#create as JSON
  Parameters: {"_json"=>"Jake", "user"=>{}}
  [1m[36mUser Load (0.2ms)[0m  [1m[34mSELECT "users".* FROM "users" WHERE "users"."name" = ? LIMIT ?[0m  [["name", "Jake"], ["LIMIT", 1]]
  ↳ app/controllers/api/v1/users_controller.rb:9:in `create'
Completed 200 OK in 8ms (Views: 0.2ms | ActiveRecord: 1.2ms | Allocations: 3241)


Started POST "/api/v1/users" for ::1 at 2021-02-17 22:48:30 -0500
Processing by Api::V1::UsersController#create as JSON
  Parameters: {"_json"=>"Jake", "user"=>{}}
  [1m[36mUser Load (0.4ms)[0m  [1m[34mSELECT "users".* FROM "users" WHERE "users"."name" = ? LIMIT ?[0m  [["name", "Jake"], ["LIMIT", 1]]
  ↳ app/controllers/api/v1/users_controller.rb:9:in `create'
Completed 200 OK in 3ms (Views: 0.1ms | ActiveRecord: 0.4ms | Allocations: 620)


Started POST "/api/v1/users" for ::1 at 2021-02-17 22:48:34 -0500
Processing by Api::V1::UsersController#create as JSON
  Parameters: {"_json"=>"Jake", "user"=>{}}
  [1m[36mUser Load (0.3ms)[0m  [1m[34mSELECT "users".* FROM "users" WHERE "users"."name" = ? LIMIT ?[0m  [["name", "Jake"], ["LIMIT", 1]]
  ↳ app/controllers/api/v1/users_controller.rb:9:in `create'
Completed 200 OK in 3ms (Views: 0.1ms | ActiveRecord: 0.3ms | Allocations: 620)


Started POST "/api/v1/users" for ::1 at 2021-02-17 22:48:37 -0500
Processing by Api::V1::UsersController#create as JSON
  Parameters: {"_json"=>"Jake", "user"=>{}}
  [1m[36mUser Load (0.2ms)[0m  [1m[34mSELECT "users".* FROM "users" WHERE "users"."name" = ? LIMIT ?[0m  [["name", "Jake"], ["LIMIT", 1]]
  ↳ app/controllers/api/v1/users_controller.rb:9:in `create'
Completed 200 OK in 14ms (Views: 0.1ms | ActiveRecord: 0.2ms | Allocations: 620)


Started POST "/api/v1/users" for ::1 at 2021-02-17 22:48:38 -0500
Processing by Api::V1::UsersController#create as JSON
  Parameters: {"_json"=>"Jake", "user"=>{}}
  [1m[36mUser Load (0.2ms)[0m  [1m[34mSELECT "users".* FROM "users" WHERE "users"."name" = ? LIMIT ?[0m  [["name", "Jake"], ["LIMIT", 1]]
  ↳ app/controllers/api/v1/users_controller.rb:9:in `create'
Completed 200 OK in 8ms (Views: 0.1ms | ActiveRecord: 0.2ms | Allocations: 603)


Started POST "/api/v1/users" for ::1 at 2021-02-17 22:48:39 -0500
Processing by Api::V1::UsersController#create as JSON
  Parameters: {"_json"=>"", "user"=>{}}
  [1m[36mUser Load (0.3ms)[0m  [1m[34mSELECT "users".* FROM "users" WHERE "users"."name" = ? LIMIT ?[0m  [["name", ""], ["LIMIT", 1]]
  ↳ app/controllers/api/v1/users_controller.rb:9:in `create'
Completed 500 Internal Server Error in 200ms (ActiveRecord: 0.3ms | Allocations: 70787)


  
NameError (undefined local variable or method `user_params' for #<Api::V1::UsersController:0x00007fdf8130a440>):
  
app/controllers/api/v1/users_controller.rb:10:in `create'
Started POST "/api/v1/users" for ::1 at 2021-02-17 22:48:40 -0500
Processing by Api::V1::UsersController#create as JSON
  Parameters: {"_json"=>"Jake", "user"=>{}}
  [1m[36mUser Load (0.8ms)[0m  [1m[34mSELECT "users".* FROM "users" WHERE "users"."name" = ? LIMIT ?[0m  [["name", "Jake"], ["LIMIT", 1]]
  ↳ app/controllers/api/v1/users_controller.rb:9:in `create'
Completed 200 OK in 7ms (Views: 0.4ms | ActiveRecord: 0.8ms | Allocations: 602)


Started POST "/api/v1/users" for ::1 at 2021-02-17 22:48:44 -0500
Processing by Api::V1::UsersController#create as JSON
  Parameters: {"_json"=>"Deo", "user"=>{}}
  [1m[36mUser Load (0.8ms)[0m  [1m[34mSELECT "users".* FROM "users" WHERE "users"."name" = ? LIMIT ?[0m  [["name", "Deo"], ["LIMIT", 1]]
  ↳ app/controllers/api/v1/users_controller.rb:9:in `create'
Completed 500 Internal Server Error in 212ms (ActiveRecord: 0.8ms | Allocations: 70785)


  
NameError (undefined local variable or method `user_params' for #<Api::V1::UsersController:0x00007fdf80cacc10>):
  
app/controllers/api/v1/users_controller.rb:10:in `create'
Started POST "/api/v1/users" for ::1 at 2021-02-17 22:50:05 -0500
Started POST "/api/v1/users" for ::1 at 2021-02-17 22:50:05 -0500
  [1m[35m (0.1ms)[0m  [1m[34mSELECT sqlite_version(*)[0m
  [1m[35m (0.1ms)[0m  [1m[34mSELECT sqlite_version(*)[0m
Processing by Api::V1::UsersController#create as JSON
Processing by Api::V1::UsersController#create as JSON
  Parameters: {"_json"=>"Deo", "user"=>{}}
  [1m[36mUser Load (0.6ms)[0m  [1m[34mSELECT "users".* FROM "users" WHERE "users"."name" = ? LIMIT ?[0m  [["name", "Deo"], ["LIMIT", 1]]
  Parameters: {"_json"=>"Jake", "user"=>{}}
  ↳ app/controllers/api/v1/users_controller.rb:9:in `create'
  [1m[36mUser Load (0.2ms)[0m  [1m[34mSELECT "users".* FROM "users" WHERE "users"."name" = ? LIMIT ?[0m  [["name", "Jake"], ["LIMIT", 1]]
Completed 400 Bad Request in 3ms (ActiveRecord: 1.0ms | Allocations: 941)


  ↳ app/controllers/api/v1/users_controller.rb:9:in `create'
  
ActionController::ParameterMissing (param is missing or the value is empty: users):
  
app/controllers/api/v1/users_controller.rb:18:in `user_params'
app/controllers/api/v1/users_controller.rb:10:in `create'
Completed 200 OK in 7ms (Views: 0.2ms | ActiveRecord: 0.7ms | Allocations: 3629)


  [1m[35m (1.1ms)[0m  [1m[34mSELECT sqlite_version(*)[0m
  [1m[36mUser Load (0.2ms)[0m  [1m[34mSELECT "users".* FROM "users" LIMIT ?[0m  [["LIMIT", 11]]
Started POST "/api/v1/users" for ::1 at 2021-02-17 22:51:08 -0500
  [1m[35m (0.8ms)[0m  [1m[34mSELECT sqlite_version(*)[0m
  [1m[35m (0.2ms)[0m  [1m[34mSELECT "schema_migrations"."version" FROM "schema_migrations" ORDER BY "schema_migrations"."version" ASC[0m
Processing by Api::V1::UsersController#create as JSON
  Parameters: {"_json"=>"Jake", "user"=>{}}
  [1m[36mUser Load (0.2ms)[0m  [1m[34mSELECT "users".* FROM "users" WHERE "users"."name" = ? LIMIT ?[0m  [["name", "Jake"], ["LIMIT", 1]]
  ↳ app/controllers/api/v1/users_controller.rb:9:in `create'
Completed 200 OK in 17ms (Views: 0.2ms | ActiveRecord: 1.2ms | Allocations: 3742)


Started POST "/api/v1/users" for ::1 at 2021-02-17 22:51:14 -0500
Processing by Api::V1::UsersController#create as JSON
  Parameters: {"_json"=>"Deo", "user"=>{}}
  [1m[36mUser Load (0.4ms)[0m  [1m[34mSELECT "users".* FROM "users" WHERE "users"."name" = ? LIMIT ?[0m  [["name", "Deo"], ["LIMIT", 1]]
  ↳ app/controllers/api/v1/users_controller.rb:9:in `create'
Completed 400 Bad Request in 3ms (ActiveRecord: 0.4ms | Allocations: 649)


  
ActionController::ParameterMissing (param is missing or the value is empty: users):
  
app/controllers/api/v1/users_controller.rb:19:in `user_params'
app/controllers/api/v1/users_controller.rb:10:in `create'
Started POST "/api/v1/users" for ::1 at 2021-02-17 22:52:05 -0500
  [1m[35m (1.8ms)[0m  [1m[34mSELECT sqlite_version(*)[0m
  [1m[35m (0.2ms)[0m  [1m[34mSELECT "schema_migrations"."version" FROM "schema_migrations" ORDER BY "schema_migrations"."version" ASC[0m
Processing by Api::V1::UsersController#create as JSON
  Parameters: {"_json"=>"Jake", "user"=>{}}
  [1m[36mUser Load (0.2ms)[0m  [1m[34mSELECT "users".* FROM "users" WHERE "users"."name" = ? LIMIT ?[0m  [["name", "Jake"], ["LIMIT", 1]]
  ↳ (pry):1:in `create'
  [1m[36mCACHE User Load (0.0ms)[0m  [1m[34mSELECT "users".* FROM "users" WHERE "users"."name" = ? LIMIT ?[0m  [["name", "Jake"], ["LIMIT", 1]]
  ↳ app/controllers/api/v1/users_controller.rb:9:in `create'
Completed 200 OK in 14309ms (Views: 0.2ms | ActiveRecord: 1.1ms | Allocations: 17101)


Started POST "/api/v1/users" for ::1 at 2021-02-17 22:52:27 -0500
Processing by Api::V1::UsersController#create as JSON
  Parameters: {"_json"=>"Deo", "user"=>{}}
  [1m[36mUser Load (0.2ms)[0m  [1m[34mSELECT "users".* FROM "users" WHERE "users"."name" = ? LIMIT ?[0m  [["name", "Deo"], ["LIMIT", 1]]
  ↳ (pry):2:in `create'
  [1m[36mCACHE User Load (0.0ms)[0m  [1m[34mSELECT "users".* FROM "users" WHERE "users"."name" = ? LIMIT ?[0m  [["name", "Deo"], ["LIMIT", 1]]
  ↳ app/controllers/api/v1/users_controller.rb:9:in `create'
Completed 400 Bad Request in 42484ms (ActiveRecord: 0.2ms | Allocations: 10210)


  
ActionController::ParameterMissing (param is missing or the value is empty: users):
  
app/controllers/api/v1/users_controller.rb:19:in `user_params'
app/controllers/api/v1/users_controller.rb:10:in `create'
Started GET "/api/v1/users" for ::1 at 2021-02-17 22:53:40 -0500
Processing by Api::V1::UsersController#index as HTML
  [1m[36mUser Load (0.2ms)[0m  [1m[34mSELECT "users".* FROM "users"[0m
  ↳ app/controllers/api/v1/users_controller.rb:4:in `index'
Completed 200 OK in 3ms (Views: 2.6ms | ActiveRecord: 0.2ms | Allocations: 953)


Started POST "/api/v1/users" for ::1 at 2021-02-17 22:54:14 -0500
  [1m[35m (0.1ms)[0m  [1m[34mSELECT sqlite_version(*)[0m
Processing by Api::V1::UsersController#create as JSON
  Parameters: {"_json"=>"Jake", "user"=>{}}
Started POST "/api/v1/users" for ::1 at 2021-02-17 22:54:23 -0500
  [1m[36mUser Load (0.8ms)[0m  [1m[34mSELECT "users".* FROM "users" WHERE "users"."name" = ? LIMIT ?[0m  [["name", "Jake"], ["LIMIT", 1]]
  ↳ app/controllers/api/v1/users_controller.rb:9:in `create'
Completed 200 OK in 18512ms (Views: 0.2ms | ActiveRecord: 1.9ms | Allocations: 9909)


Started GET "/api/v1/users" for ::1 at 2021-02-17 22:54:33 -0500
  [1m[35m (0.1ms)[0m  [1m[34mSELECT sqlite_version(*)[0m
  [1m[35m (0.1ms)[0m  [1m[34mSELECT sqlite_version(*)[0m
Processing by Api::V1::UsersController#create as JSON
Processing by Api::V1::UsersController#index as HTML
  Parameters: {"_json"=>"Deo", "user"=>{}}
  [1m[36mUser Load (0.2ms)[0m  [1m[34mSELECT "users".* FROM "users"[0m
  ↳ app/controllers/api/v1/users_controller.rb:4:in `index'
Completed 200 OK in 10ms (Views: 8.9ms | ActiveRecord: 0.9ms | Allocations: 6606)


  [1m[36mUser Load (0.2ms)[0m  [1m[34mSELECT "users".* FROM "users" WHERE "users"."name" = ? LIMIT ?[0m  [["name", "Deo"], ["LIMIT", 1]]
  ↳ app/controllers/api/v1/users_controller.rb:9:in `create'
  [1m[35m (0.1ms)[0m  [1m[36mbegin transaction[0m
  ↳ app/controllers/api/v1/users_controller.rb:10:in `create'
  [1m[36mUser Create (3.0ms)[0m  [1m[32mINSERT INTO "users" ("name", "created_at", "updated_at") VALUES (?, ?, ?)[0m  [["name", "Deo"], ["created_at", "2021-02-18 03:54:35.305241"], ["updated_at", "2021-02-18 03:54:35.305241"]]
  ↳ app/controllers/api/v1/users_controller.rb:10:in `create'
  [1m[35m (8.6ms)[0m  [1m[36mcommit transaction[0m
  ↳ app/controllers/api/v1/users_controller.rb:10:in `create'
Completed 200 OK in 1670ms (Views: 0.4ms | ActiveRecord: 12.6ms | Allocations: 13623)


Started GET "/api/v1/users" for ::1 at 2021-02-17 22:54:42 -0500
  [1m[35m (0.1ms)[0m  [1m[34mSELECT sqlite_version(*)[0m
Processing by Api::V1::UsersController#index as HTML
  [1m[36mUser Load (0.2ms)[0m  [1m[34mSELECT "users".* FROM "users"[0m
  ↳ app/controllers/api/v1/users_controller.rb:4:in `index'
Completed 200 OK in 14ms (Views: 10.2ms | ActiveRecord: 1.4ms | Allocations: 4705)


Started POST "/api/v1/users" for ::1 at 2021-02-17 22:54:46 -0500
Processing by Api::V1::UsersController#create as JSON
  Parameters: {"_json"=>"Deo", "user"=>{}}
  [1m[36mUser Load (0.2ms)[0m  [1m[34mSELECT "users".* FROM "users" WHERE "users"."name" = ? LIMIT ?[0m  [["name", "Deo"], ["LIMIT", 1]]
  ↳ app/controllers/api/v1/users_controller.rb:9:in `create'
Completed 200 OK in 17ms (Views: 0.1ms | ActiveRecord: 0.2ms | Allocations: 741)


Started GET "/api/v1/users" for ::1 at 2021-02-17 22:54:49 -0500
Processing by Api::V1::UsersController#index as HTML
  [1m[36mUser Load (0.2ms)[0m  [1m[34mSELECT "users".* FROM "users"[0m
  ↳ app/controllers/api/v1/users_controller.rb:4:in `index'
Completed 200 OK in 3ms (Views: 2.4ms | ActiveRecord: 0.2ms | Allocations: 1028)


Started POST "/api/v1/users" for ::1 at 2021-02-17 22:54:51 -0500
Processing by Api::V1::UsersController#create as JSON
  Parameters: {"_json"=>"Jake", "user"=>{}}
  [1m[36mUser Load (0.3ms)[0m  [1m[34mSELECT "users".* FROM "users" WHERE "users"."name" = ? LIMIT ?[0m  [["name", "Jake"], ["LIMIT", 1]]
  ↳ app/controllers/api/v1/users_controller.rb:9:in `create'
Completed 200 OK in 3ms (Views: 0.1ms | ActiveRecord: 0.3ms | Allocations: 604)


Started POST "/api/v1/users" for ::1 at 2021-02-17 22:55:13 -0500
Processing by Api::V1::UsersController#create as JSON
  Parameters: {"_json"=>"Layla", "user"=>{}}
  [1m[36mUser Load (0.2ms)[0m  [1m[34mSELECT "users".* FROM "users" WHERE "users"."name" = ? LIMIT ?[0m  [["name", "Layla"], ["LIMIT", 1]]
  ↳ app/controllers/api/v1/users_controller.rb:9:in `create'
  [1m[35m (0.1ms)[0m  [1m[36mbegin transaction[0m
  ↳ app/controllers/api/v1/users_controller.rb:10:in `create'
  [1m[36mUser Create (1.2ms)[0m  [1m[32mINSERT INTO "users" ("name", "created_at", "updated_at") VALUES (?, ?, ?)[0m  [["name", "Layla"], ["created_at", "2021-02-18 03:55:13.465337"], ["updated_at", "2021-02-18 03:55:13.465337"]]
  ↳ app/controllers/api/v1/users_controller.rb:10:in `create'
  [1m[35m (20.2ms)[0m  [1m[36mcommit transaction[0m
  ↳ app/controllers/api/v1/users_controller.rb:10:in `create'
Completed 200 OK in 48ms (Views: 0.2ms | ActiveRecord: 21.7ms | Allocations: 4308)


Started GET "/api/v1/users" for ::1 at 2021-02-17 22:55:42 -0500
  [1m[35m (0.2ms)[0m  [1m[34mSELECT sqlite_version(*)[0m
Processing by Api::V1::UsersController#index as HTML
  [1m[36mUser Load (0.2ms)[0m  [1m[34mSELECT "users".* FROM "users"[0m
  ↳ app/controllers/api/v1/users_controller.rb:4:in `index'
Completed 200 OK in 12ms (Views: 8.0ms | ActiveRecord: 1.2ms | Allocations: 4855)


Started POST "/api/v1/users" for ::1 at 2021-02-17 22:55:46 -0500
Processing by Api::V1::UsersController#create as JSON
  Parameters: {"_json"=>"Jake", "user"=>{}}
  [1m[36mUser Load (0.3ms)[0m  [1m[34mSELECT "users".* FROM "users" WHERE "users"."name" = ? LIMIT ?[0m  [["name", "Jake"], ["LIMIT", 1]]
  ↳ app/controllers/api/v1/users_controller.rb:9:in `create'
Completed 200 OK in 12ms (Views: 0.4ms | ActiveRecord: 0.3ms | Allocations: 833)


Started GET "/api/v1/users" for ::1 at 2021-02-17 22:55:49 -0500
Processing by Api::V1::UsersController#index as HTML
  [1m[36mUser Load (0.2ms)[0m  [1m[34mSELECT "users".* FROM "users"[0m
  ↳ app/controllers/api/v1/users_controller.rb:4:in `index'
Completed 200 OK in 3ms (Views: 3.0ms | ActiveRecord: 0.2ms | Allocations: 1150)


Started GET "/api/v1/users" for ::1 at 2021-02-17 22:55:50 -0500
Processing by Api::V1::UsersController#index as HTML
  [1m[36mUser Load (0.1ms)[0m  [1m[34mSELECT "users".* FROM "users"[0m
  ↳ app/controllers/api/v1/users_controller.rb:4:in `index'
Completed 200 OK in 3ms (Views: 2.6ms | ActiveRecord: 0.1ms | Allocations: 1150)


Started POST "/api/v1/users" for ::1 at 2021-02-17 22:55:56 -0500
Processing by Api::V1::UsersController#create as JSON
  Parameters: {"_json"=>"Deo", "user"=>{}}
  [1m[36mUser Load (0.3ms)[0m  [1m[34mSELECT "users".* FROM "users" WHERE "users"."name" = ? LIMIT ?[0m  [["name", "Deo"], ["LIMIT", 1]]
  ↳ app/controllers/api/v1/users_controller.rb:9:in `create'
Completed 200 OK in 3ms (Views: 0.4ms | ActiveRecord: 0.3ms | Allocations: 713)


Started POST "/api/v1/users" for ::1 at 2021-02-17 22:56:00 -0500
Processing by Api::V1::UsersController#create as JSON
  Parameters: {"_json"=>"Layla", "user"=>{}}
  [1m[36mUser Load (0.2ms)[0m  [1m[34mSELECT "users".* FROM "users" WHERE "users"."name" = ? LIMIT ?[0m  [["name", "Layla"], ["LIMIT", 1]]
  ↳ app/controllers/api/v1/users_controller.rb:9:in `create'
Completed 200 OK in 14ms (Views: 0.4ms | ActiveRecord: 0.2ms | Allocations: 713)


Started GET "/api/v1/users" for ::1 at 2021-02-17 22:56:01 -0500
Processing by Api::V1::UsersController#index as HTML
  [1m[36mUser Load (0.2ms)[0m  [1m[34mSELECT "users".* FROM "users"[0m
  ↳ app/controllers/api/v1/users_controller.rb:4:in `index'
Completed 200 OK in 4ms (Views: 3.6ms | ActiveRecord: 0.2ms | Allocations: 1150)


Started POST "/api/v1/users" for ::1 at 2021-02-17 22:56:07 -0500
Processing by Api::V1::UsersController#create as JSON
  Parameters: {"_json"=>"Nea", "user"=>{}}
  [1m[36mUser Load (0.3ms)[0m  [1m[34mSELECT "users".* FROM "users" WHERE "users"."name" = ? LIMIT ?[0m  [["name", "Nea"], ["LIMIT", 1]]
  ↳ app/controllers/api/v1/users_controller.rb:9:in `create'
  [1m[35m (0.1ms)[0m  [1m[36mbegin transaction[0m
  ↳ app/controllers/api/v1/users_controller.rb:11:in `create'
  [1m[36mUser Create (1.2ms)[0m  [1m[32mINSERT INTO "users" ("name", "created_at", "updated_at") VALUES (?, ?, ?)[0m  [["name", "Nea"], ["created_at", "2021-02-18 03:56:07.831724"], ["updated_at", "2021-02-18 03:56:07.831724"]]
  ↳ app/controllers/api/v1/users_controller.rb:11:in `create'
  [1m[35m (20.1ms)[0m  [1m[36mcommit transaction[0m
  ↳ app/controllers/api/v1/users_controller.rb:11:in `create'
Completed 200 OK in 42ms (Views: 1.0ms | ActiveRecord: 21.6ms | Allocations: 3903)


Started GET "/api/v1/users" for ::1 at 2021-02-17 22:56:10 -0500
Processing by Api::V1::UsersController#index as HTML
  [1m[36mUser Load (0.2ms)[0m  [1m[34mSELECT "users".* FROM "users"[0m
  ↳ app/controllers/api/v1/users_controller.rb:4:in `index'
Completed 200 OK in 3ms (Views: 2.2ms | ActiveRecord: 0.2ms | Allocations: 1274)


Started GET "/api/v1/users" for ::1 at 2021-02-17 22:56:18 -0500
Processing by Api::V1::UsersController#index as HTML
  [1m[36mUser Load (0.2ms)[0m  [1m[34mSELECT "users".* FROM "users"[0m
  ↳ app/controllers/api/v1/users_controller.rb:4:in `index'
Completed 200 OK in 4ms (Views: 3.4ms | ActiveRecord: 0.2ms | Allocations: 1272)


Started GET "/api/v1/users" for ::1 at 2021-02-17 22:56:20 -0500
Processing by Api::V1::UsersController#index as HTML
  [1m[36mUser Load (0.2ms)[0m  [1m[34mSELECT "users".* FROM "users"[0m
  ↳ app/controllers/api/v1/users_controller.rb:4:in `index'
Completed 200 OK in 3ms (Views: 3.1ms | ActiveRecord: 0.2ms | Allocations: 1272)


Started GET "/api/v1/users" for ::1 at 2021-02-17 22:57:29 -0500
Processing by Api::V1::UsersController#index as HTML
  [1m[36mUser Load (0.2ms)[0m  [1m[34mSELECT "users".* FROM "users"[0m
  ↳ app/controllers/api/v1/users_controller.rb:4:in `index'
Completed 200 OK in 4ms (Views: 2.7ms | ActiveRecord: 0.2ms | Allocations: 1272)


Started GET "/api/v1/users" for ::1 at 2021-02-17 22:57:30 -0500
Processing by Api::V1::UsersController#index as HTML
  [1m[36mUser Load (0.2ms)[0m  [1m[34mSELECT "users".* FROM "users"[0m
  ↳ app/controllers/api/v1/users_controller.rb:4:in `index'
Completed 200 OK in 3ms (Views: 2.2ms | ActiveRecord: 0.2ms | Allocations: 1272)


Started GET "/api/v1/users" for ::1 at 2021-02-17 22:57:30 -0500
Processing by Api::V1::UsersController#index as HTML
  [1m[36mUser Load (0.2ms)[0m  [1m[34mSELECT "users".* FROM "users"[0m
  ↳ app/controllers/api/v1/users_controller.rb:4:in `index'
Completed 200 OK in 3ms (Views: 2.5ms | ActiveRecord: 0.2ms | Allocations: 1272)


Started GET "/api/v1/goals" for ::1 at 2021-02-17 22:57:36 -0500
Processing by Api::V1::GoalsController#index as HTML
  [1m[36mGoal Load (0.5ms)[0m  [1m[34mSELECT "goals".* FROM "goals"[0m
  ↳ app/controllers/api/v1/goals_controller.rb:4:in `index'
Completed 200 OK in 55ms (Views: 9.2ms | ActiveRecord: 1.2ms | Allocations: 6152)


